<?xml version="1.0" encoding="UTF-8"?>
<testng-results skipped="0" failed="0" ignored="0" total="1" passed="1">
  <reporter-output>
  </reporter-output>
  <suite name="Suite" duration-ms="8221" started-at="2021-12-21T20:04:21 IST" finished-at="2021-12-21T20:04:29 IST">
    <groups>
      <group name="cucumber">
        <method signature="AbstractTestNGCucumberTests.runScenario(io.cucumber.testng.PickleWrapper,io.cucumber.testng.FeatureWrapper)[pri:0, instance:runner.testRunner2@42f93a98]" name="runScenario" class="io.cucumber.testng.AbstractTestNGCucumberTests"/>
      </group> <!-- cucumber -->
    </groups>
    <test name="Test" duration-ms="8221" started-at="2021-12-21T20:04:21 IST" finished-at="2021-12-21T20:04:29 IST">
      <class name="runner.testRunner2">
        <test-method status="PASS" signature="setUpClass(org.testng.ITestContext)[pri:0, instance:runner.testRunner2@42f93a98]" name="setUpClass" is-config="true" duration-ms="428" started-at="2021-12-21T20:04:21 IST" finished-at="2021-12-21T20:04:22 IST">
          <params>
            <param index="0">
              <value>
                <![CDATA[org.testng.TestRunner@6913c1fb]]>
              </value>
            </param>
          </params>
          <reporter-output>
          </reporter-output>
        </test-method> <!-- setUpClass -->
        <test-method status="PASS" signature="runScenario(io.cucumber.testng.PickleWrapper,io.cucumber.testng.FeatureWrapper)[pri:0, instance:runner.testRunner2@42f93a98]" name="runScenario" duration-ms="7697" started-at="2021-12-21T20:04:22 IST" description="Runs Cucumber Scenarios" data-provider="scenarios" finished-at="2021-12-21T20:04:29 IST">
          <params>
            <param index="0">
              <value>
                <![CDATA["Title of your scenario"]]>
              </value>
            </param>
            <param index="1">
              <value>
                <![CDATA["Optional[feature used for booking]"]]>
              </value>
            </param>
          </params>
          <reporter-output>
          </reporter-output>
        </test-method> <!-- runScenario -->
        <test-method status="PASS" signature="tearDownClass()[pri:0, instance:runner.testRunner2@42f93a98]" name="tearDownClass" is-config="true" duration-ms="28" started-at="2021-12-21T20:04:29 IST" finished-at="2021-12-21T20:04:29 IST">
          <reporter-output>
          </reporter-output>
        </test-method> <!-- tearDownClass -->
      </class> <!-- runner.testRunner2 -->
    </test> <!-- Test -->
  </suite> <!-- Suite -->
</testng-results>
